<?xml version="1.0" encoding="UTF-8"?>
<coverage generated="1741314777801" clover="3.2.0">
  <project timestamp="1741314777801" name="All files">
    <metrics statements="38" coveredstatements="36" conditionals="9" coveredconditionals="3" methods="13" coveredmethods="13" elements="60" coveredelements="52" complexity="0" loc="38" ncloc="38" packages="1" files="2" classes="2"/>
    <file name="actions.ts" path="/Users/iliatikhomirov/Desktop/task-manager/src/entities/task/actions.ts">
      <metrics statements="22" coveredstatements="20" conditionals="6" coveredconditionals="1" methods="6" coveredmethods="6"/>
      <line num="1" count="1" type="stmt"/>
      <line num="2" count="1" type="stmt"/>
      <line num="6" count="1" type="stmt"/>
      <line num="10" count="3" type="stmt"/>
      <line num="11" count="3" type="stmt"/>
      <line num="12" count="3" type="stmt"/>
      <line num="13" count="1" type="stmt"/>
      <line num="15" count="2" type="stmt"/>
      <line num="22" count="1" type="stmt"/>
      <line num="26" count="1" type="stmt"/>
      <line num="27" count="1" type="stmt"/>
      <line num="28" count="1" type="stmt"/>
      <line num="29" count="1" type="stmt"/>
      <line num="31" count="0" type="stmt"/>
      <line num="38" count="1" type="stmt"/>
      <line num="40" count="1" type="stmt"/>
      <line num="41" count="1" type="stmt"/>
      <line num="42" count="1" type="stmt"/>
      <line num="43" count="1" type="stmt"/>
      <line num="44" count="1" type="stmt"/>
      <line num="45" count="1" type="stmt"/>
      <line num="47" count="0" type="stmt"/>
    </file>
    <file name="slice.ts" path="/Users/iliatikhomirov/Desktop/task-manager/src/entities/task/slice.ts">
      <metrics statements="16" coveredstatements="16" conditionals="3" coveredconditionals="2" methods="7" coveredmethods="7"/>
      <line num="1" count="1" type="stmt"/>
      <line num="3" count="1" type="stmt"/>
      <line num="5" count="1" type="stmt"/>
      <line num="11" count="1" type="stmt"/>
      <line num="16" count="1" type="stmt"/>
      <line num="18" count="3" type="stmt"/>
      <line num="21" count="1" type="stmt"/>
      <line num="22" count="1" type="stmt"/>
      <line num="25" count="2" type="stmt"/>
      <line num="26" count="2" type="cond" truecount="1" falsecount="1"/>
      <line num="29" count="1" type="stmt"/>
      <line num="32" count="1" type="stmt"/>
      <line num="33" count="1" type="stmt"/>
      <line num="35" count="1" type="cond" truecount="1" falsecount="0"/>
      <line num="36" count="1" type="stmt"/>
      <line num="42" count="1" type="stmt"/>
    </file>
  </project>
</coverage>
