{"/Users/iliatikhomirov/Desktop/task-manager/src/entities/task/actions.ts": {"path":"/Users/iliatikhomirov/Desktop/task-manager/src/entities/task/actions.ts","statementMap":{"0":{"start":{"line":1,"column":0},"end":{"line":1,"column":52}},"1":{"start":{"line":2,"column":0},"end":{"line":2,"column":59}},"2":{"start":{"line":6,"column":13},"end":{"line":19,"column":3}},"3":{"start":{"line":10,"column":55},"end":{"line":19,"column":2}},"4":{"start":{"line":11,"column":2},"end":{"line":18,"column":3}},"5":{"start":{"line":12,"column":21},"end":{"line":12,"column":49}},"6":{"start":{"line":13,"column":4},"end":{"line":13,"column":25}},"7":{"start":{"line":15,"column":4},"end":{"line":17,"column":6}},"8":{"start":{"line":22,"column":13},"end":{"line":35,"column":3}},"9":{"start":{"line":26,"column":58},"end":{"line":35,"column":2}},"10":{"start":{"line":27,"column":2},"end":{"line":34,"column":3}},"11":{"start":{"line":28,"column":21},"end":{"line":28,"column":52}},"12":{"start":{"line":29,"column":4},"end":{"line":29,"column":25}},"13":{"start":{"line":31,"column":4},"end":{"line":33,"column":6}},"14":{"start":{"line":38,"column":13},"end":{"line":52,"column":2}},"15":{"start":{"line":40,"column":48},"end":{"line":51,"column":null}},"16":{"start":{"line":41,"column":4},"end":{"line":50,"column":5}},"17":{"start":{"line":42,"column":23},"end":{"line":42,"column":65}},"18":{"start":{"line":43,"column":23},"end":{"line":43,"column":73}},"19":{"start":{"line":44,"column":6},"end":{"line":44,"column":29}},"20":{"start":{"line":45,"column":6},"end":{"line":45,"column":27}},"21":{"start":{"line":47,"column":6},"end":{"line":49,"column":8}}},"fnMap":{"0":{"name":"(anonymous_7)","decl":{"start":{"line":10,"column":22},"end":{"line":10,"column":29}},"loc":{"start":{"line":10,"column":55},"end":{"line":19,"column":2}}},"1":{"name":"(anonymous_8)","decl":{"start":{"line":10,"column":55},"end":{"line":10,"column":null}},"loc":{"start":{"line":10,"column":51},"end":{"line":19,"column":1}}},"2":{"name":"(anonymous_9)","decl":{"start":{"line":26,"column":22},"end":{"line":26,"column":29}},"loc":{"start":{"line":26,"column":58},"end":{"line":35,"column":2}}},"3":{"name":"(anonymous_10)","decl":{"start":{"line":26,"column":58},"end":{"line":26,"column":null}},"loc":{"start":{"line":26,"column":54},"end":{"line":35,"column":1}}},"4":{"name":"(anonymous_11)","decl":{"start":{"line":40,"column":2},"end":{"line":40,"column":9}},"loc":{"start":{"line":40,"column":48},"end":{"line":51,"column":null}}},"5":{"name":"(anonymous_12)","decl":{"start":{"line":40,"column":48},"end":{"line":40,"column":null}},"loc":{"start":{"line":40,"column":44},"end":{"line":51,"column":3}}}},"branchMap":{"0":{"loc":{"start":{"line":16,"column":6},"end":{"line":16,"column":70}},"type":"cond-expr","locations":[{"start":{"line":16,"column":31},"end":{"line":16,"column":44}},{"start":{"line":16,"column":47},"end":{"line":16,"column":70}}]},"1":{"loc":{"start":{"line":32,"column":6},"end":{"line":32,"column":67}},"type":"cond-expr","locations":[{"start":{"line":32,"column":31},"end":{"line":32,"column":44}},{"start":{"line":32,"column":47},"end":{"line":32,"column":67}}]},"2":{"loc":{"start":{"line":48,"column":8},"end":{"line":48,"column":72}},"type":"cond-expr","locations":[{"start":{"line":48,"column":33},"end":{"line":48,"column":46}},{"start":{"line":48,"column":49},"end":{"line":48,"column":72}}]}},"s":{"0":1,"1":1,"2":1,"3":3,"4":3,"5":3,"6":1,"7":2,"8":1,"9":1,"10":1,"11":1,"12":1,"13":0,"14":1,"15":1,"16":1,"17":1,"18":1,"19":1,"20":1,"21":0},"f":{"0":3,"1":3,"2":1,"3":1,"4":1,"5":1},"b":{"0":[2,0],"1":[0,0],"2":[0,0]}}
,"/Users/iliatikhomirov/Desktop/task-manager/src/entities/task/slice.ts": {"path":"/Users/iliatikhomirov/Desktop/task-manager/src/entities/task/slice.ts","statementMap":{"0":{"start":{"line":1,"column":0},"end":{"line":1,"column":47}},"1":{"start":{"line":3,"column":0},"end":{"line":3,"column":63}},"2":{"start":{"line":5,"column":32},"end":{"line":9,"column":2}},"3":{"start":{"line":11,"column":18},"end":{"line":40,"column":2}},"4":{"start":{"line":16,"column":4},"end":{"line":38,"column":9}},"5":{"start":{"line":18,"column":8},"end":{"line":18,"column":29}},"6":{"start":{"line":21,"column":8},"end":{"line":21,"column":30}},"7":{"start":{"line":22,"column":8},"end":{"line":22,"column":37}},"8":{"start":{"line":25,"column":8},"end":{"line":25,"column":30}},"9":{"start":{"line":26,"column":8},"end":{"line":26,"column":70}},"10":{"start":{"line":29,"column":8},"end":{"line":29,"column":41}},"11":{"start":{"line":32,"column":22},"end":{"line":33,"column":null}},"12":{"start":{"line":33,"column":20},"end":{"line":33,"column":49}},"13":{"start":{"line":35,"column":8},"end":{"line":37,"column":9}},"14":{"start":{"line":36,"column":10},"end":{"line":36,"column":46}},"15":{"start":{"line":42,"column":0},"end":{"line":42,"column":33}}},"fnMap":{"0":{"name":"(anonymous_0)","decl":{"start":{"line":15,"column":17},"end":{"line":15,"column":18}},"loc":{"start":{"line":15,"column":29},"end":{"line":39,"column":3}}},"1":{"name":"(anonymous_1)","decl":{"start":{"line":17,"column":35},"end":{"line":17,"column":36}},"loc":{"start":{"line":17,"column":45},"end":{"line":19,"column":7}}},"2":{"name":"(anonymous_2)","decl":{"start":{"line":20,"column":37},"end":{"line":20,"column":38}},"loc":{"start":{"line":20,"column":55},"end":{"line":23,"column":7}}},"3":{"name":"(anonymous_3)","decl":{"start":{"line":24,"column":36},"end":{"line":24,"column":37}},"loc":{"start":{"line":24,"column":54},"end":{"line":27,"column":7}}},"4":{"name":"(anonymous_4)","decl":{"start":{"line":28,"column":37},"end":{"line":28,"column":38}},"loc":{"start":{"line":28,"column":55},"end":{"line":30,"column":7}}},"5":{"name":"(anonymous_5)","decl":{"start":{"line":31,"column":37},"end":{"line":31,"column":38}},"loc":{"start":{"line":31,"column":55},"end":{"line":38,"column":7}}},"6":{"name":"(anonymous_6)","decl":{"start":{"line":33,"column":10},"end":{"line":33,"column":11}},"loc":{"start":{"line":33,"column":20},"end":{"line":33,"column":49}}}},"branchMap":{"0":{"loc":{"start":{"line":26,"column":22},"end":{"line":26,"column":69}},"type":"binary-expr","locations":[{"start":{"line":26,"column":22},"end":{"line":26,"column":42}},{"start":{"line":26,"column":46},"end":{"line":26,"column":69}}]},"1":{"loc":{"start":{"line":35,"column":8},"end":{"line":37,"column":9}},"type":"if","locations":[{"start":{"line":35,"column":8},"end":{"line":37,"column":9}}]}},"s":{"0":1,"1":1,"2":1,"3":1,"4":1,"5":3,"6":1,"7":1,"8":2,"9":2,"10":1,"11":1,"12":1,"13":1,"14":1,"15":1},"f":{"0":1,"1":3,"2":1,"3":2,"4":1,"5":1,"6":1},"b":{"0":[2,0],"1":[1]}}
}
