TN:
SF:src/entities/task/actions.ts
FN:10,(anonymous_7)
FN:10,(anonymous_8)
FN:26,(anonymous_9)
FN:26,(anonymous_10)
FN:40,(anonymous_11)
FN:40,(anonymous_12)
FNF:6
FNH:6
FNDA:3,(anonymous_7)
FNDA:3,(anonymous_8)
FNDA:1,(anonymous_9)
FNDA:1,(anonymous_10)
FNDA:1,(anonymous_11)
FNDA:1,(anonymous_12)
DA:1,1
DA:2,1
DA:6,1
DA:10,3
DA:11,3
DA:12,3
DA:13,1
DA:15,2
DA:22,1
DA:26,1
DA:27,1
DA:28,1
DA:29,1
DA:31,0
DA:38,1
DA:40,1
DA:41,1
DA:42,1
DA:43,1
DA:44,1
DA:45,1
DA:47,0
LF:22
LH:20
BRDA:16,0,0,2
BRDA:16,0,1,0
BRDA:32,1,0,0
BRDA:32,1,1,0
BRDA:48,2,0,0
BRDA:48,2,1,0
BRF:6
BRH:1
end_of_record
TN:
SF:src/entities/task/slice.ts
FN:15,(anonymous_0)
FN:17,(anonymous_1)
FN:20,(anonymous_2)
FN:24,(anonymous_3)
FN:28,(anonymous_4)
FN:31,(anonymous_5)
FN:33,(anonymous_6)
FNF:7
FNH:7
FNDA:1,(anonymous_0)
FNDA:3,(anonymous_1)
FNDA:1,(anonymous_2)
FNDA:2,(anonymous_3)
FNDA:1,(anonymous_4)
FNDA:1,(anonymous_5)
FNDA:1,(anonymous_6)
DA:1,1
DA:3,1
DA:5,1
DA:11,1
DA:16,1
DA:18,3
DA:21,1
DA:22,1
DA:25,2
DA:26,2
DA:29,1
DA:32,1
DA:33,1
DA:35,1
DA:36,1
DA:42,1
LF:16
LH:16
BRDA:26,0,0,2
BRDA:26,0,1,0
BRDA:35,1,0,1
BRF:3
BRH:2
end_of_record
